<?xml version="1.0" encoding="UTF-8"?>
<!-- Generated by org.testng.reporters.JUnitXMLReporter -->
<testsuite hostname="01-012095" ignored="0" name="ossiHomePage" tests="5" failures="0" timestamp="04 May 2020 12:20:34 GMT" time="95.985" errors="0">
  <testcase name="verifyHomePageTitleTest" time="0.006" classname="ossi.com.qa.testcases.HomePageTest"/>
  <testcase name="verifyUserNameTest" time="0.029" classname="ossi.com.qa.testcases.HomePageTest"/>
  <testcase name="verifyAddReviewerLinkTest" time="0.784" classname="ossi.com.qa.testcases.HomePageTest"/>
  <testcase name="verifyViewReviewerLinkTest" time="17.095" classname="ossi.com.qa.testcases.HomePageTest"/>
  <testcase name="verifyviewBoardMemberPageTest" time="0.494" classname="ossi.com.qa.testcases.HomePageTest"/>
</testsuite> <!-- ossiHomePage -->
