<?xml version="1.0" encoding="UTF-8"?>
<!-- Generated by org.testng.reporters.JUnitXMLReporter -->
<testsuite hostname="01-012095" ignored="0" name="ossiAddReviewerPage" tests="3" failures="0" timestamp="04 May 2020 12:21:25 GMT" time="50.979" errors="0">
  <testcase name="verifyAddReviewerLabelTest" time="0.024" classname="ossi.com.qa.testcases.AddReviewerPageTest"/>
  <testcase name="verifyAddReviewerData" time="1.104" classname="ossi.com.qa.testcases.AddReviewerPageTest"/>
  <testcase name="verifyAddReviewerData" time="1.095" classname="ossi.com.qa.testcases.AddReviewerPageTest"/>
</testsuite> <!-- ossiAddReviewerPage -->
