<?xml version="1.0" encoding="UTF-8"?>
<!-- Generated by org.testng.reporters.JUnitXMLReporter -->
<testsuite hostname="01-012095" ignored="0" name="ossiViewReviewerPage" tests="5" failures="0" timestamp="04 May 2020 12:24:41 GMT" time="196.261" errors="0">
  <testcase name="testOfReviewerTitle" time="0.026" classname="ossi.com.qa.testcases.viewReviewerPageTest"/>
  <testcase name="clickOnSearchWithoutSelectingNameAndUserType" time="16.829" classname="ossi.com.qa.testcases.viewReviewerPageTest"/>
  <testcase name="searchReViewerAndUserTypeIsAuthor" time="5.803" classname="ossi.com.qa.testcases.viewReviewerPageTest"/>
  <testcase name="searchReViewerAndUserTypeIsEditor" time="1.309" classname="ossi.com.qa.testcases.viewReviewerPageTest"/>
  <testcase name="searchReViewerAndUserTypeIsReviewer" time="8.519" classname="ossi.com.qa.testcases.viewReviewerPageTest"/>
</testsuite> <!-- ossiViewReviewerPage -->
