<?xml version="1.0" encoding="UTF-8"?>
<!-- Generated by org.testng.reporters.JUnitXMLReporter -->
<testsuite hostname="01-012095" ignored="0" name="ossiLogin" tests="3" failures="1" timestamp="22 Apr 2020 13:00:08 GMT" time="49.495" errors="0">
  <testcase name="loginpageTitleTest" time="0.009" classname="ossi.com.qa.testcases.LoginPageTest">
    <failure type="java.lang.AssertionError" message="Login Page Title not matched expected [Inderscience Submissions - article submissions and peer-review system] but found [Inderscience Submissions - Inderscience Publishers]">
      <![CDATA[java.lang.AssertionError: Login Page Title not matched expected [Inderscience Submissions - article submissions and peer-review system] but found [Inderscience Submissions - Inderscience Publishers]
at ossi.com.qa.testcases.LoginPageTest.loginpageTitleTest(LoginPageTest.java:28)
at java.util.concurrent.FutureTask.run(Unknown Source)
at java.util.concurrent.ThreadPoolExecutor.runWorker(Unknown Source)
at java.util.concurrent.ThreadPoolExecutor$Worker.run(Unknown Source)
at java.lang.Thread.run(Unknown Source)
... Removed 21 stack frames]]>
    </failure>
  </testcase> <!-- loginpageTitleTest -->
  <testcase name="ossiLogoImageTest" time="3.574" classname="ossi.com.qa.testcases.LoginPageTest"/>
  <testcase name="LoginTest" time="0.963" classname="ossi.com.qa.testcases.LoginPageTest"/>
</testsuite> <!-- ossiLogin -->
