<?xml version="1.0" encoding="UTF-8"?>
<!-- Generated by org.testng.reporters.JUnitXMLReporter -->
<testsuite hostname="01-012095" ignored="0" name="ossiHomePage" tests="5" failures="0" timestamp="22 Apr 2020 13:01:50 GMT" time="101.487" errors="0">
  <testcase name="verifyHomePageTitleTest" time="0.004" classname="ossi.com.qa.testcases.HomePageTest"/>
  <testcase name="verifyUserNameTest" time="0.027" classname="ossi.com.qa.testcases.HomePageTest"/>
  <testcase name="verifyAddReviewerLinkTest" time="0.618" classname="ossi.com.qa.testcases.HomePageTest"/>
  <testcase name="verifyViewReviewerLinkTest" time="18.107" classname="ossi.com.qa.testcases.HomePageTest"/>
  <testcase name="verifyviewBoardMemberPageTest" time="0.401" classname="ossi.com.qa.testcases.HomePageTest"/>
</testsuite> <!-- ossiHomePage -->
