<?xml version="1.0" encoding="UTF-8"?>
<!-- Generated by org.testng.reporters.JUnitXMLReporter -->
<testsuite hostname="01-012095" ignored="0" name="OSSI Test Cases" tests="4" failures="1" timestamp="22 Apr 2020 12:24:06 GMT" time="74.143" errors="0">
  <testcase name="loginpageTitleTest" time="3.385" classname="ossi.com.qa.testcases.LoginPageTest">
    <failure type="java.lang.AssertionError" message="Login Page Title not matched expected [Inderscience Submissions - article submissions and peer-review system] but found [Inderscience Submissions - Inderscience Publishers]">
      <![CDATA[java.lang.AssertionError: Login Page Title not matched expected [Inderscience Submissions - article submissions and peer-review system] but found [Inderscience Submissions - Inderscience Publishers]
at ossi.com.qa.testcases.LoginPageTest.loginpageTitleTest(LoginPageTest.java:28)
... Removed 30 stack frames]]>
    </failure>
  </testcase> <!-- loginpageTitleTest -->
  <testcase name="verifyHomePageTitleTest" time="0.004" classname="ossi.com.qa.testcases.HomePageTest"/>
  <testcase name="verifyAddReviewerLabelTest" time="0.042" classname="ossi.com.qa.testcases.AddReviewerPageTest"/>
  <testcase name="ossiLogoImageTest" time="0.029" classname="ossi.com.qa.testcases.LoginPageTest"/>
</testsuite> <!-- OSSI Test Cases -->
